mode: set
github.com/gnshjoo/bookings/cmd/web/middleware.go:9.45,19.2 3 1
github.com/gnshjoo/bookings/cmd/web/middleware.go:22.50,24.2 1 1
github.com/gnshjoo/bookings/cmd/web/routes.go:11.49,37.2 18 1
github.com/gnshjoo/bookings/cmd/web/main.go:22.13,26.16 2 0
github.com/gnshjoo/bookings/cmd/web/main.go:30.2,38.16 4 0
github.com/gnshjoo/bookings/cmd/web/main.go:26.16,28.3 1 0
github.com/gnshjoo/bookings/cmd/web/main.go:38.16,40.3 1 0
github.com/gnshjoo/bookings/cmd/web/main.go:44.18,61.16 10 1
github.com/gnshjoo/bookings/cmd/web/main.go:66.2,74.12 6 1
github.com/gnshjoo/bookings/cmd/web/main.go:61.16,64.3 2 0
