mode: set
github.com/gnshjoo/bookings/internal/render/render.go:21.40,23.2 1 1
github.com/gnshjoo/bookings/internal/render/render.go:26.84,32.2 5 1
github.com/gnshjoo/bookings/internal/render/render.go:35.105,38.18 2 1
github.com/gnshjoo/bookings/internal/render/render.go:47.2,48.9 2 1
github.com/gnshjoo/bookings/internal/render/render.go:53.2,60.16 5 1
github.com/gnshjoo/bookings/internal/render/render.go:65.2,65.12 1 1
github.com/gnshjoo/bookings/internal/render/render.go:38.18,41.3 1 0
github.com/gnshjoo/bookings/internal/render/render.go:41.8,45.3 1 1
github.com/gnshjoo/bookings/internal/render/render.go:48.9,51.3 1 0
github.com/gnshjoo/bookings/internal/render/render.go:60.16,63.3 2 0
github.com/gnshjoo/bookings/internal/render/render.go:69.67,74.16 3 1
github.com/gnshjoo/bookings/internal/render/render.go:78.2,78.29 1 1
github.com/gnshjoo/bookings/internal/render/render.go:100.2,100.21 1 1
github.com/gnshjoo/bookings/internal/render/render.go:74.16,76.3 1 0
github.com/gnshjoo/bookings/internal/render/render.go:78.29,81.17 3 1
github.com/gnshjoo/bookings/internal/render/render.go:85.3,86.17 2 1
github.com/gnshjoo/bookings/internal/render/render.go:90.3,90.23 1 1
github.com/gnshjoo/bookings/internal/render/render.go:97.3,97.21 1 1
github.com/gnshjoo/bookings/internal/render/render.go:81.17,83.4 1 0
github.com/gnshjoo/bookings/internal/render/render.go:86.17,88.4 1 0
github.com/gnshjoo/bookings/internal/render/render.go:90.23,92.18 2 1
github.com/gnshjoo/bookings/internal/render/render.go:92.18,94.5 1 0
